== Correct code ==
Code generation was successful

== Incorrect map code 1 ==
test.py:XXX: error: Invalid collection iteration lambda: only one or two parameters expected

== Incorrect map code 2 ==
test.py:XXX: error: Invalid collection iteration lambda: No default values allowed for arguments

== Incorrect map code 3 ==
test.py:XXX: error: Invalid collection iteration lambda: no *args or **kwargs

Done
