== astlist_arity/test.lkt ==
Code generation was successful

== astlist_instr/test.lkt ==
test.lkt:4:25: error: type expected, got the generic ASTList
4 |     @parse_field items: ASTList
  |                         ^^^^^^^


== astlist_item/test.lkt ==
test.lkt:4:25: error: ASTList expects one type argument: the list element type
4 |     @parse_field items: ASTList[Example, Int]
  |                         ^^^^^^^^^^^^^^^^^^^^^


== astlist_root/test.lkt ==
test.lkt:4:25: error: ASTList expects one type argument: the list element type
4 |     @parse_field items: ASTList[Example, Example]
  |                         ^^^^^^^^^^^^^^^^^^^^^^^^^


== entity/test.lkt ==
test.lkt:6:40: error: node expected
6 |     @exported fun p(@ignored e: Entity[Int]): Bool = true
  |                                        ^^^


lkt_compile: Done
