== bool_eq/test.lkt ==
test.lkt:4:56: error: Expected type Bool, got Equation
4 |     @ignored fun f(b: Bool, e: Equation): Bool = b and e
  |                                                        ^


== eq_bool/test.lkt ==
test.lkt:4:50: error: Expected type Bool, got Equation
4 |     @ignored fun f(b: Bool, e: Equation): Bool = e and b
  |                                                  ^


== int_bool/test.lkt ==
test.lkt:4:49: error: Expected type Bool, got Int
4 |     @ignored fun f(i: Int, e: Equation): Bool = i and e
  |                                                 ^


== logic_all/test.lkt ==
test.lkt:4:63: error: Expected type Equation, got Bool
4 |     @ignored fun f(b1: Bool, b2: Bool, b3: Bool): Bool = %all(b1, b2, b3)
  |                                                               ^^


== logic_all_empty/test.lkt ==
test.lkt:4:34: error: at least one equation expected
4 |     @ignored fun f(): Equation = %all()
  |                                  ^^^^^^


== logic_any/test.lkt ==
test.lkt:4:63: error: Expected type Equation, got Bool
4 |     @ignored fun f(b1: Bool, b2: Bool, b3: Bool): Bool = %any(b1, b2, b3)
  |                                                               ^^


== op_bool/test.lkt ==
test.lkt:5:53: error: Expected type Bool, got Equation
5 |     fun f(lhs: Equation, rhs: Equation): Equation = lhs and lhs
  |                                                     ^^^


== op_eq/test.lkt ==
test.lkt:5:41: error: Expected type Equation, got Bool
5 |     fun f(lhs: Bool, rhs: Bool): Bool = lhs %and lhs
  |                                         ^^^


lkt_compile: Done
