test.py:22: error: The following bindings are not used: ex_param
test.py:22: error: The following bindings are used even though they are supposed to be ignored: ex_wrongly_used_param
test.py:26: error: The following bindings are not used: block_var
test.py:34: error: The following bindings are not used: ex_list
test.py:40: error: The following bindings are not used: ex_item
test.py:45: error: The following bindings are not used: ex_items
test.py:58: error: The following bindings are not used: ex
Code generation was successful
Done
