test.py:23: error: Unreachable property: all concrete subclasses override it
test.py:26: error: Unreachable property: all concrete subclasses override it
test.py:34: error: Unreachable property: all concrete subclasses override it
Code generation was successful
Done
