== Missing type ==
test.py:33: error: This property requires an explicit return type

== Invalid abstract ==
test.py:37: error: An external property cannot be abstract

== Invalid memoized ==
test.py:42: error: An external property cannot be memoized

== Missing uses_entity_info=... ==
test.py:45: error: uses_entity_info is required for external properties

== Missing uses_envs=... ==
test.py:47: error: uses_envs is required for external properties

Done
